🌤️  Starting Open-Meteo RAW data fetch...

📊 Fetching cities from database...
Found 1948 unique cities with population > 100,000

🚀 Processing 1948 cities...
💾 Checkpoint interval: every 25 cities

[1/1948] ✓ Tokyo, Japan - 2021-2024 (1461 days)
⏱️  Enforcing 19s delay...
[1/1948] ✓ Tokyo, Japan - 2010-2015 (2191 days)
⏱️  Enforcing 18s delay...
[2/1948] ✓ Tokyo, Japan - 2021-2024 (1461 days)
⏱️  Enforcing 19s delay...
[2/1948] ✓ Tokyo, Japan - 2010-2015 (2191 days)
⏱️  Enforcing 20s delay...
[3/1948] ✓ Tokyo, Japan - 2021-2024 (1461 days)
⏱️  Enforcing 20s delay...
[3/1948] ✓ Tokyo, Japan - 2010-2015 (2191 days)
⏱️  Enforcing 20s delay...
[4/1948] ✓ Tokyo, Japan - 2021-2024 (1461 days)
⏱️  Enforcing 20s delay...
[4/1948] ✓ Tokyo, Japan - 2010-2015 (2191 days)
⏱️  Enforcing 20s delay...
[5/1948] ✓ Tokyo, Japan - 2021-2024 (1461 days)
⏱️  Enforcing 20s delay...
[5/1948] ✓ Tokyo, Japan - 2010-2015 (2191 days)
⏱️  Enforcing 20s delay...
[6/1948] ✓ Jakarta, Indonesia - 2021-2024 (1461 days)
⏱️  Enforcing 20s delay...
[6/1948] ✓ Jakarta, Indonesia - 2010-2015 (2191 days)
⏱️  Enforcing 20s delay...
[7/1948] ✓ Delhi, India - 2021-2024 (1461 days)
⏱️  Enforcing 20s delay...
[7/1948] ✓ Delhi, India - 2010-2015 (2191 days)
⏱️  Enforcing 20s delay...
[8/1948] ✓ Mumbai, India - 2021-2024 (1461 days)
⏱️  Enforcing 20s delay...
[8/1948] ✓ Mumbai, India - 2010-2015 (2191 days)
⏱️  Enforcing 20s delay...
[9/1948] ✓ Manila, Philippines - 2021-2024 (1461 days)
⏱️  Enforcing 19s delay...
[9/1948] ✓ Manila, Philippines - 2010-2015 (2191 days)
⏱️  Enforcing 20s delay...
[10/1948] ✓ Manila, United States - 2021-2024 (1461 days)
⏱️  Enforcing 20s delay...
[10/1948] ✓ Manila, United States - 2010-2015 (2191 days)
⏱️  Enforcing 20s delay...
[11/1948] ✓ Shanghai, China - 2021-2024 (1461 days)
⏱️  Enforcing 18s delay...
[11/1948] ✓ Shanghai, China - 2010-2015 (2191 days)
⏱️  Enforcing 20s delay...
⚠️  Rate limited (429). Waiting 5s before retry 1/3...
⚠️  Rate limited (429). Waiting 10s before retry 2/3...
⚠️  Rate limited (429). Waiting 20s before retry 3/3...
[12/1948] ✗ Failed: São Paulo - 2021-2024: Max retries exceeded
⚠️  Rate limited (429). Waiting 5s before retry 1/3...
⚠️  Rate limited (429). Waiting 10s before retry 2/3...
⚠️  Rate limited (429). Waiting 20s before retry 3/3...
[12/1948] ✗ Failed: São Paulo - 2010-2015: Max retries exceeded
⚠️  Rate limited (429). Waiting 5s before retry 1/3...
⚠️  Rate limited (429). Waiting 10s before retry 2/3...
⚠️  Rate limited (429). Waiting 20s before retry 3/3...
[13/1948] ✗ Failed: Seoul - 2021-2024: Max retries exceeded
⚠️  Rate limited (429). Waiting 5s before retry 1/3...
⚠️  Rate limited (429). Waiting 10s before retry 2/3...
⚠️  Rate limited (429). Waiting 20s before retry 3/3...
[13/1948] ✗ Failed: Seoul - 2010-2015: Max retries exceeded
⚠️  Rate limited (429). Waiting 5s before retry 1/3...
⚠️  Rate limited (429). Waiting 10s before retry 2/3...
⚠️  Rate limited (429). Waiting 20s before retry 3/3...
[14/1948] ✗ Failed: Mexico City - 2021-2024: Max retries exceeded
⚠️  Rate limited (429). Waiting 5s before retry 1/3...
⚠️  Rate limited (429). Waiting 10s before retry 2/3...
⚠️  Rate limited (429). Waiting 20s before retry 3/3...
[14/1948] ✗ Failed: Mexico City - 2010-2015: Max retries exceeded
⚠️  Rate limited (429). Waiting 5s before retry 1/3...
⚠️  Rate limited (429). Waiting 10s before retry 2/3...
⚠️  Rate limited (429). Waiting 20s before retry 3/3...
[15/1948] ✗ Failed: Guangzhou - 2021-2024: Max retries exceeded
⚠️  Rate limited (429). Waiting 5s before retry 1/3...
⚠️  Rate limited (429). Waiting 10s before retry 2/3...
